<?xml version="1.0" encoding="UTF-8"?>
<!-- Generated by org.testng.reporters.JUnitReportReporter -->
<testsuite hostname="DESKTOP-H0SHG5R" failures="0" tests="4" name="com.testparallel.ParallelTests" time="21.122" errors="0" timestamp="2022-10-13T10:45:18 IST" skipped="0">
  <testcase classname="com.testparallel.ParallelTests" name="TryFaceBook2" time="2.504"/>
  <system-out/>
  <testcase classname="com.testparallel.ParallelTests" name="LaunchChrome" time="6.022"/>
  <system-out/>
  <testcase classname="com.testparallel.ParallelTests" name="TryFaceBook1" time="3.261"/>
  <system-out/>
  <testcase classname="com.testparallel.ParallelTests" name="LaunchFirefox" time="9.335"/>
  <system-out/>
</testsuite> <!-- com.testparallel.ParallelTests -->
